<?xml version="1.0" encoding="UTF-8"?>
<!-- Generated by org.testng.reporters.JUnitXMLReporter -->
<testsuite hostname="A" name="Default test" tests="3" failures="0" timestamp="31 Oct 2017 16:47:50 GMT" time="6.644" errors="0">
  <testcase name="getHotelReservationPage" time="0.48" classname="com.hotelbooking.TestBooking"/>
  <testcase name="testCreateBooking" time="1.22" classname="com.hotelbooking.TestBooking"/>
  <testcase name="testDeleteAllBooking" time="1.346" classname="com.hotelbooking.TestBooking"/>
</testsuite> <!-- Default test -->
