<?xml version="1.0" encoding="UTF-8"?>
<testng-results skipped="0" failed="0" total="3" passed="3">
  <reporter-output>
  </reporter-output>
  <suite name="Default suite" duration-ms="6835" started-at="2017-11-01T12:23:38Z" finished-at="2017-11-01T12:23:44Z">
    <groups>
    </groups>
    <test name="Default test" duration-ms="6835" started-at="2017-11-01T12:23:38Z" finished-at="2017-11-01T12:23:44Z">
      <class name="com.hotelbooking.TestBooking">
        <test-method status="PASS" signature="testHotelReservationPage()[pri:0, instance:com.hotelbooking.TestBooking@724af044]" name="testHotelReservationPage" duration-ms="3873" started-at="2017-11-01T12:23:38Z" finished-at="2017-11-01T12:23:42Z">
          <reporter-output>
          </reporter-output>
        </test-method> <!-- testHotelReservationPage -->
        <test-method status="PASS" signature="testCreateBooking()[pri:0, instance:com.hotelbooking.TestBooking@724af044]" name="testCreateBooking" duration-ms="1698" started-at="2017-11-01T12:23:42Z" depends-on-methods="com.hotelbooking.TestBooking.testHotelReservationPage" finished-at="2017-11-01T12:23:43Z">
          <reporter-output>
          </reporter-output>
        </test-method> <!-- testCreateBooking -->
        <test-method status="PASS" signature="testDeleteBooking()[pri:0, instance:com.hotelbooking.TestBooking@724af044]" name="testDeleteBooking" duration-ms="1230" started-at="2017-11-01T12:23:43Z" depends-on-methods="com.hotelbooking.TestBooking.testHotelReservationPage" finished-at="2017-11-01T12:23:44Z">
          <reporter-output>
          </reporter-output>
        </test-method> <!-- testDeleteBooking -->
      </class> <!-- com.hotelbooking.TestBooking -->
    </test> <!-- Default test -->
  </suite> <!-- Default suite -->
</testng-results>
